================================================================================
Alice : book=(count:1 value:1) hat=(count:1 value:9) ball=(count:3 value:0)
Bob   : book=(count:1 value:4) hat=(count:1 value:0) ball=(count:3 value:2)
--------------------------------------------------------------------------------
Alice : i would like the hat and the book <eos>
Bob   : i need the balls and book <eos>
--------------------------------------------------------------------------------
Agreement!
Alice : 10 points
Bob   : 6 points
--------------------------------------------------------------------------------
dialog_len=2.00 sent_len=8.00 agree=100.00% advantage=4.00 time=1.652s comb_rew=16.00 alice_rew=10.00 alice_sel=0.00% alice_unique=1 bob_rew=6.00 bob_sel=0.00% bob_unique=1 full_match=1.00
--------------------------------------------------------------------------------
debug: 1 1 1 9 3 0 item0=1 item1=1 item2=0 item0=0 item1=0 item2=3
debug: 1 4 1 0 3 2 item0=0 item1=0 item2=3 item0=1 item1=1 item2=0
================================================================================

================================================================================
Alice : book=(count:1 value:0) hat=(count:1 value:1) ball=(count:3 value:3)
Bob   : book=(count:1 value:1) hat=(count:1 value:0) ball=(count:3 value:3)
--------------------------------------------------------------------------------
Alice : i would like the balls and the hat <eos>
Bob   : i need the balls and the book <eos>
--------------------------------------------------------------------------------
Agreement!
Alice : 10 points
Bob   : 1 points
--------------------------------------------------------------------------------
dialog_len=2.00 sent_len=8.25 agree=100.00% advantage=6.50 time=1.105s comb_rew=13.50 alice_rew=10.00 alice_sel=0.00% alice_unique=2 bob_rew=3.50 bob_sel=0.00% bob_unique=2 full_match=0.75
--------------------------------------------------------------------------------
debug: 1 0 1 1 3 3 item0=0 item1=1 item2=3 item0=1 item1=0 item2=0
debug: 1 1 1 0 3 3 item0=1 item1=0 item2=0 item0=0 item1=1 item2=3
================================================================================

================================================================================
Alice : book=(count:4 value:1) hat=(count:1 value:2) ball=(count:1 value:4)
Bob   : book=(count:4 value:0) hat=(count:1 value:4) ball=(count:1 value:6)
--------------------------------------------------------------------------------
Alice : i would like the ball and hat <eos>
Bob   : i need the ball and the hat <eos>
--------------------------------------------------------------------------------
Agreement!
Alice : 7 points
Bob   : 4 points
--------------------------------------------------------------------------------
dialog_len=2.00 sent_len=8.17 agree=100.00% advantage=5.33 time=0.918s comb_rew=12.67 alice_rew=9.00 alice_sel=0.00% alice_unique=3 bob_rew=3.67 bob_sel=0.00% bob_unique=3 full_match=0.83
--------------------------------------------------------------------------------
debug: 4 1 1 2 1 4 item0=3 item1=0 item2=1 item0=1 item1=1 item2=0
debug: 4 0 1 4 1 6 item0=1 item1=1 item2=0 item0=3 item1=0 item2=1
================================================================================

================================================================================
Alice : book=(count:3 value:1) hat=(count:1 value:3) ball=(count:1 value:4)
Bob   : book=(count:3 value:0) hat=(count:1 value:3) ball=(count:1 value:7)
--------------------------------------------------------------------------------
Alice : i would like the hat and the ball . <eos>
Bob   : i need the ball and the hat <eos>
--------------------------------------------------------------------------------
Agreement!
Alice : 7 points
Bob   : 0 points
--------------------------------------------------------------------------------
dialog_len=2.00 sent_len=8.38 agree=100.00% advantage=5.75 time=0.821s comb_rew=11.25 alice_rew=8.50 alice_sel=0.00% alice_unique=4 bob_rew=2.75 bob_sel=0.00% bob_unique=3 full_match=0.88
--------------------------------------------------------------------------------
debug: 3 1 1 3 1 4 item0=0 item1=1 item2=1 item0=3 item1=0 item2=0
debug: 3 0 1 3 1 7 item0=3 item1=0 item2=0 item0=0 item1=1 item2=1
================================================================================

================================================================================
Alice : book=(count:2 value:3) hat=(count:1 value:1) ball=(count:3 value:1)
Bob   : book=(count:2 value:3) hat=(count:1 value:4) ball=(count:3 value:0)
--------------------------------------------------------------------------------
Alice : i would like the balls and books <eos>
Bob   : i need the hat and books <eos>
--------------------------------------------------------------------------------
Agreement!
Alice : 9 points
Bob   : 4 points
--------------------------------------------------------------------------------
dialog_len=2.00 sent_len=8.20 agree=100.00% advantage=5.60 time=0.854s comb_rew=11.60 alice_rew=8.60 alice_sel=0.00% alice_unique=5 bob_rew=3.00 bob_sel=0.00% bob_unique=4 full_match=0.80
--------------------------------------------------------------------------------
debug: 2 3 1 1 3 1 item0=2 item1=0 item2=3 item0=0 item1=1 item2=0
debug: 2 3 1 4 3 0 item0=0 item1=1 item2=0 item0=2 item1=0 item2=3
================================================================================

================================================================================
Alice : book=(count:2 value:1) hat=(count:2 value:4) ball=(count:2 value:0)
Bob   : book=(count:2 value:0) hat=(count:2 value:1) ball=(count:2 value:4)
--------------------------------------------------------------------------------
Alice : i would like both hats and one ball <eos>
Bob   : deal <eos>
--------------------------------------------------------------------------------
Agreement!
Alice : 8 points
Bob   : 4 points
--------------------------------------------------------------------------------
dialog_len=2.00 sent_len=7.75 agree=100.00% advantage=5.33 time=0.744s comb_rew=11.67 alice_rew=8.50 alice_sel=0.00% alice_unique=6 bob_rew=3.17 bob_sel=0.00% bob_unique=5 full_match=0.83
--------------------------------------------------------------------------------
debug: 2 1 2 4 2 0 item0=0 item1=2 item2=1 item0=2 item1=0 item2=1
debug: 2 0 2 1 2 4 item0=2 item1=0 item2=1 item0=0 item1=2 item2=1
================================================================================

================================================================================
Alice : book=(count:2 value:1) hat=(count:2 value:2) ball=(count:2 value:2)
Bob   : book=(count:2 value:1) hat=(count:2 value:2) ball=(count:2 value:2)
--------------------------------------------------------------------------------
Alice : i would like the balls and the hat . <eos>
Bob   : i need the balls and the hat <eos>
--------------------------------------------------------------------------------
Agreement!
Alice : 6 points
Bob   : 4 points
--------------------------------------------------------------------------------
dialog_len=2.00 sent_len=7.93 agree=100.00% advantage=4.86 time=0.788s comb_rew=11.43 alice_rew=8.14 alice_sel=0.00% alice_unique=7 bob_rew=3.29 bob_sel=0.00% bob_unique=6 full_match=0.86
--------------------------------------------------------------------------------
debug: 2 1 2 2 2 2 item0=2 item1=2 item2=0 item0=0 item1=0 item2=2
debug: 2 1 2 2 2 2 item0=0 item1=0 item2=2 item0=2 item1=2 item2=0
================================================================================

================================================================================
Alice : book=(count:1 value:6) hat=(count:4 value:1) ball=(count:2 value:0)
Bob   : book=(count:1 value:4) hat=(count:4 value:0) ball=(count:2 value:3)
--------------------------------------------------------------------------------
Alice : i would like the book and the hat . <eos>
Bob   : i need the balls and book <eos>
