================================================================================
Alice : book=(count:1 value:1) hat=(count:1 value:9) ball=(count:3 value:0)
Bob   : book=(count:1 value:4) hat=(count:1 value:0) ball=(count:3 value:2)
--------------------------------------------------------------------------------
Alice : i would like the hat and the book <eos>
Bob   : i need the balls and book <eos>
Alice : i need works at and book <eos>
Bob   : <selection>
--------------------------------------------------------------------------------
Agreement!
Alice : 10 points
Bob   : 6 points
--------------------------------------------------------------------------------
dialog_len=2.00 sent_len=8.00 agree=100.00% advantage=4.00 time=25.225s comb_rew=16.00 alice_rew=10.00 alice_sel=0.00% alice_unique=1 bob_rew=6.00 bob_sel=0.00% bob_unique=1 full_match=1.00
--------------------------------------------------------------------------------
debug: 1 1 1 9 3 0 item0=1 item1=1 item2=0 item0=0 item1=0 item2=3
debug: 1 4 1 0 3 2 item0=0 item1=0 item2=3 item0=1 item1=1 item2=0
================================================================================

================================================================================
Alice : book=(count:1 value:0) hat=(count:1 value:1) ball=(count:3 value:3)
Bob   : book=(count:1 value:1) hat=(count:1 value:0) ball=(count:3 value:3)
--------------------------------------------------------------------------------
Alice : i would like the balls and the hat <eos>
Bob   : i need the balls and the book <eos>
Alice : i need the balls and fine book <eos>
Bob   : <selection>
--------------------------------------------------------------------------------
Agreement!
Alice : 10 points
Bob   : 0 points
--------------------------------------------------------------------------------
dialog_len=2.00 sent_len=8.25 agree=100.00% advantage=7.00 time=20.091s comb_rew=13.00 alice_rew=10.00 alice_sel=0.00% alice_unique=2 bob_rew=3.00 bob_sel=0.00% bob_unique=2 full_match=0.75
--------------------------------------------------------------------------------
debug: 1 0 1 1 3 3 item0=1 item1=1 item2=3 item0=0 item1=0 item2=0
debug: 1 1 1 0 3 3 item0=0 item1=0 item2=0 item0=1 item1=1 item2=3
================================================================================

================================================================================
Alice : book=(count:4 value:1) hat=(count:1 value:2) ball=(count:1 value:4)
Bob   : book=(count:4 value:0) hat=(count:1 value:4) ball=(count:1 value:6)
--------------------------------------------------------------------------------
Alice : i would like the ball and hat <eos>
Bob   : i need the ball and the hat <eos>
Alice : i thank the ball and the books <eos>
Bob   : <selection>
--------------------------------------------------------------------------------
Agreement!
Alice : 9 points
Bob   : 0 points
--------------------------------------------------------------------------------
dialog_len=2.00 sent_len=8.17 agree=100.00% advantage=7.67 time=18.406s comb_rew=11.67 alice_rew=9.67 alice_sel=0.00% alice_unique=3 bob_rew=2.00 bob_sel=0.00% bob_unique=3 full_match=0.83
--------------------------------------------------------------------------------
debug: 4 1 1 2 1 4 item0=3 item1=1 item2=1 item0=1 item1=0 item2=0
debug: 4 0 1 4 1 6 item0=1 item1=0 item2=0 item0=3 item1=1 item2=1
================================================================================

================================================================================
Alice : book=(count:3 value:1) hat=(count:1 value:3) ball=(count:1 value:4)
Bob   : book=(count:3 value:0) hat=(count:1 value:3) ball=(count:1 value:7)
--------------------------------------------------------------------------------
Alice : i would like the hat and the ball . <eos>
Bob   : i need the ball and the hat <eos>
Alice : i need the ball and fine hat <eos>
Bob   : <selection>
--------------------------------------------------------------------------------
Agreement!
Alice : 6 points
Bob   : 7 points
--------------------------------------------------------------------------------
dialog_len=2.00 sent_len=8.38 agree=100.00% advantage=5.50 time=17.497s comb_rew=12.00 alice_rew=8.75 alice_sel=0.00% alice_unique=4 bob_rew=3.25 bob_sel=0.00% bob_unique=3 full_match=0.88
--------------------------------------------------------------------------------
debug: 3 1 1 3 1 4 item0=3 item1=1 item2=0 item0=0 item1=0 item2=1
debug: 3 0 1 3 1 7 item0=0 item1=0 item2=1 item0=3 item1=1 item2=0
================================================================================

================================================================================
Alice : book=(count:2 value:3) hat=(count:1 value:1) ball=(count:3 value:1)
Bob   : book=(count:2 value:3) hat=(count:1 value:4) ball=(count:3 value:0)
--------------------------------------------------------------------------------
Alice : i would like the balls and books <eos>
Bob   : i need the hat and books <eos>
Alice : i agree the THEM: and books <eos>
Bob   : <selection>
--------------------------------------------------------------------------------
Agreement!
Alice : 4 points
Bob   : 6 points
--------------------------------------------------------------------------------
dialog_len=2.00 sent_len=8.20 agree=100.00% advantage=4.00 time=19.043s comb_rew=11.60 alice_rew=7.80 alice_sel=0.00% alice_unique=5 bob_rew=3.80 bob_sel=0.00% bob_unique=4 full_match=0.80
--------------------------------------------------------------------------------
debug: 2 3 1 1 3 1 item0=0 item1=1 item2=3 item0=2 item1=0 item2=0
debug: 2 3 1 4 3 0 item0=2 item1=0 item2=0 item0=0 item1=1 item2=3
================================================================================

================================================================================
Alice : book=(count:2 value:1) hat=(count:2 value:4) ball=(count:2 value:0)
Bob   : book=(count:2 value:0) hat=(count:2 value:1) ball=(count:2 value:4)
--------------------------------------------------------------------------------
Alice : i would like both hats and one ball <eos>
Bob   : deal <eos>
Alice : <selection>
Bob   : <selection>
--------------------------------------------------------------------------------
Agreement!
Alice : 8 points
Bob   : 4 points
--------------------------------------------------------------------------------
dialog_len=2.00 sent_len=7.75 agree=100.00% advantage=4.00 time=15.872s comb_rew=11.67 alice_rew=7.83 alice_sel=0.00% alice_unique=6 bob_rew=3.83 bob_sel=0.00% bob_unique=5 full_match=0.83
--------------------------------------------------------------------------------
debug: 2 1 2 4 2 0 item0=0 item1=2 item2=1 item0=2 item1=0 item2=1
debug: 2 0 2 1 2 4 item0=2 item1=0 item2=1 item0=0 item1=2 item2=1
================================================================================

================================================================================
Alice : book=(count:2 value:1) hat=(count:2 value:2) ball=(count:2 value:2)
Bob   : book=(count:2 value:1) hat=(count:2 value:2) ball=(count:2 value:2)
--------------------------------------------------------------------------------
Alice : i would like the balls and the hat . <eos>
Bob   : i need the balls and the hat <eos>
Alice : i ! the balls rest the hat <eos>
Bob   : <selection>
--------------------------------------------------------------------------------
Agreement!
Alice : 8 points
Bob   : 2 points
--------------------------------------------------------------------------------
dialog_len=2.00 sent_len=7.93 agree=100.00% advantage=4.29 time=18.012s comb_rew=11.43 alice_rew=7.86 alice_sel=0.00% alice_unique=7 bob_rew=3.57 bob_sel=0.00% bob_unique=6 full_match=0.86
--------------------------------------------------------------------------------
debug: 2 1 2 2 2 2 item0=0 item1=2 item2=2 item0=2 item1=0 item2=0
debug: 2 1 2 2 2 2 item0=2 item1=0 item2=0 item0=0 item1=2 item2=2
================================================================================

================================================================================
Alice : book=(count:1 value:6) hat=(count:4 value:1) ball=(count:2 value:0)
Bob   : book=(count:1 value:4) hat=(count:4 value:0) ball=(count:2 value:3)
--------------------------------------------------------------------------------
Alice : i would like the book and the hat . <eos>
Bob   : i need the balls and book <eos>
Alice : i works the hats and book <eos>
Bob   : <selection>
--------------------------------------------------------------------------------
Agreement!
Alice : 10 points
Bob   : 6 points
--------------------------------------------------------------------------------
dialog_len=2.00 sent_len=8.00 agree=100.00% advantage=4.25 time=17.394s comb_rew=12.00 alice_rew=8.12 alice_sel=0.00% alice_unique=8 bob_rew=3.88 bob_sel=0.00% bob_unique=6 full_match=0.88
--------------------------------------------------------------------------------
debug: 1 6 4 1 2 0 item0=1 item1=4 item2=0 item0=0 item1=0 item2=2
debug: 1 4 4 0 2 3 item0=0 item1=0 item2=2 item0=1 item1=4 item2=0
================================================================================

================================================================================
Alice : book=(count:2 value:3) hat=(count:2 value:0) ball=(count:2 value:2)
Bob   : book=(count:2 value:2) hat=(count:2 value:1) ball=(count:2 value:2)
--------------------------------------------------------------------------------
Alice : i would like the balls and the books <eos>
Bob   : deal <eos>
Alice : <selection>
Bob   : <selection>
--------------------------------------------------------------------------------
Agreement!
Alice : 10 points
Bob   : 2 points
--------------------------------------------------------------------------------
dialog_len=2.00 sent_len=7.72 agree=100.00% advantage=4.67 time=15.463s comb_rew=12.00 alice_rew=8.33 alice_sel=0.00% alice_unique=9 bob_rew=3.67 bob_sel=0.00% bob_unique=6 full_match=0.83
--------------------------------------------------------------------------------
debug: 2 3 2 0 2 2 item0=2 item1=0 item2=2 item0=0 item1=2 item2=0
debug: 2 2 2 1 2 2 item0=0 item1=2 item2=0 item0=2 item1=0 item2=2
================================================================================

================================================================================
Alice : book=(count:1 value:9) hat=(count:1 value:1) ball=(count:4 value:0)
Bob   : book=(count:1 value:2) hat=(count:1 value:4) ball=(count:4 value:1)
--------------------------------------------------------------------------------
Alice : hi , i just need the hat <eos>
Bob   : i need the hat <eos>
Alice : deal <eos>
Bob   : <selection>
--------------------------------------------------------------------------------
Agreement!
Alice : 9 points
Bob   : 8 points
--------------------------------------------------------------------------------
dialog_len=2.00 sent_len=7.60 agree=100.00% advantage=4.30 time=13.918s comb_rew=12.50 alice_rew=8.40 alice_sel=0.00% alice_unique=10 bob_rew=4.10 bob_sel=0.00% bob_unique=7 full_match=0.85
--------------------------------------------------------------------------------
debug: 1 9 1 1 4 0 item0=1 item1=0 item2=0 item0=0 item1=1 item2=4
debug: 1 2 1 4 4 1 item0=0 item1=1 item2=4 item0=1 item1=0 item2=0
================================================================================

================================================================================
Alice : book=(count:1 value:9) hat=(count:3 value:0) ball=(count:1 value:1)
Bob   : book=(count:1 value:2) hat=(count:3 value:2) ball=(count:1 value:2)
--------------------------------------------------------------------------------
Alice : i would like the book and the hat <eos>
Bob   : deal <eos>
Alice : <selection>
Bob   : <selection>
--------------------------------------------------------------------------------
Agreement!
Alice : 9 points
Bob   : 6 points
--------------------------------------------------------------------------------
dialog_len=2.00 sent_len=7.41 agree=100.00% advantage=4.18 time=12.655s comb_rew=12.73 alice_rew=8.45 alice_sel=0.00% alice_unique=11 bob_rew=4.27 bob_sel=0.00% bob_unique=7 full_match=0.86
--------------------------------------------------------------------------------
debug: 1 9 3 0 1 1 item0=1 item1=1 item2=0 item0=0 item1=2 item2=1
debug: 1 2 3 2 1 2 item0=0 item1=2 item2=1 item0=1 item1=1 item2=0
================================================================================

================================================================================
Alice : book=(count:1 value:10) hat=(count:3 value:0) ball=(count:1 value:0)
Bob   : book=(count:1 value:3) hat=(count:3 value:1) ball=(count:1 value:4)
--------------------------------------------------------------------------------
Alice : i would like the book and ball <eos>
Bob   : i need the ball and book <eos>
Alice : i works the hats and book <eos>
Bob   : <selection>
--------------------------------------------------------------------------------
Agreement!
Alice : 10 points
Bob   : 4 points
--------------------------------------------------------------------------------
dialog_len=2.00 sent_len=7.42 agree=100.00% advantage=4.33 time=12.616s comb_rew=12.83 alice_rew=8.58 alice_sel=0.00% alice_unique=12 bob_rew=4.25 bob_sel=0.00% bob_unique=8 full_match=0.88
--------------------------------------------------------------------------------
debug: 1 10 3 0 1 0 item0=1 item1=3 item2=0 item0=0 item1=0 item2=1
debug: 1 3 3 1 1 4 item0=0 item1=0 item2=1 item0=1 item1=3 item2=0
================================================================================

================================================================================
Alice : book=(count:1 value:9) hat=(count:1 value:1) ball=(count:4 value:0)
Bob   : book=(count:1 value:0) hat=(count:1 value:6) ball=(count:4 value:1)
--------------------------------------------------------------------------------
Alice : i would like the book and hat <eos>
Bob   : i need the hat and the balls <eos>
Alice : i agree the hat and book <eos>
Bob   : <selection>
--------------------------------------------------------------------------------
Agreement!
Alice : 10 points
Bob   : 4 points
--------------------------------------------------------------------------------
dialog_len=2.00 sent_len=7.46 agree=100.00% advantage=4.46 time=12.591s comb_rew=12.92 alice_rew=8.69 alice_sel=0.00% alice_unique=13 bob_rew=4.23 bob_sel=0.00% bob_unique=9 full_match=0.88
--------------------------------------------------------------------------------
debug: 1 9 1 1 4 0 item0=1 item1=1 item2=0 item0=0 item1=0 item2=4
debug: 1 0 1 6 4 1 item0=0 item1=0 item2=4 item0=1 item1=1 item2=0
================================================================================

================================================================================
Alice : book=(count:2 value:1) hat=(count:2 value:1) ball=(count:1 value:6)
Bob   : book=(count:2 value:2) hat=(count:2 value:2) ball=(count:1 value:2)
--------------------------------------------------------------------------------
Alice : i would like one of each <eos>
Bob   : deal <eos>
Alice : <selection>
Bob   : <selection>
--------------------------------------------------------------------------------
Agreement!
Alice : 8 points
Bob   : 4 points
--------------------------------------------------------------------------------
dialog_len=2.00 sent_len=7.25 agree=100.00% advantage=4.43 time=11.692s comb_rew=12.86 alice_rew=8.64 alice_sel=0.00% alice_unique=14 bob_rew=4.21 bob_sel=0.00% bob_unique=9 full_match=0.89
--------------------------------------------------------------------------------
debug: 2 1 2 1 1 6 item0=1 item1=1 item2=1 item0=1 item1=1 item2=0
debug: 2 2 2 2 1 2 item0=1 item1=1 item2=0 item0=1 item1=1 item2=1
================================================================================

================================================================================
Alice : book=(count:3 value:1) hat=(count:1 value:5) ball=(count:1 value:2)
Bob   : book=(count:3 value:1) hat=(count:1 value:1) ball=(count:1 value:6)
--------------------------------------------------------------------------------
Alice : i would like the hat and the ball . <eos>
Bob   : i need the ball and the hat <eos>
Alice : i thank the all and books <eos>
Bob   : <selection>
--------------------------------------------------------------------------------
Agreement!
Alice : 7 points
Bob   : 3 points
--------------------------------------------------------------------------------
dialog_len=2.00 sent_len=7.37 agree=100.00% advantage=4.40 time=12.553s comb_rew=12.67 alice_rew=8.53 alice_sel=0.00% alice_unique=14 bob_rew=4.13 bob_sel=0.00% bob_unique=9 full_match=0.90
--------------------------------------------------------------------------------
debug: 3 1 1 5 1 2 item0=0 item1=1 item2=1 item0=3 item1=0 item2=0
debug: 3 1 1 1 1 6 item0=3 item1=0 item2=0 item0=0 item1=1 item2=1
================================================================================

================================================================================
Alice : book=(count:1 value:9) hat=(count:1 value:1) ball=(count:3 value:0)
Bob   : book=(count:1 value:5) hat=(count:1 value:2) ball=(count:3 value:1)
--------------------------------------------------------------------------------
Alice : i would like the book and hat <eos>
Bob   : i need the balls and book <eos>
Alice : i agree the hat and fine <eos>
Bob   : <selection>
--------------------------------------------------------------------------------
Agreement!
Alice : 10 points
Bob   : 3 points
--------------------------------------------------------------------------------
dialog_len=2.00 sent_len=7.38 agree=100.00% advantage=4.56 time=13.291s comb_rew=12.69 alice_rew=8.62 alice_sel=0.00% alice_unique=14 bob_rew=4.06 bob_sel=0.00% bob_unique=9 full_match=0.91
--------------------------------------------------------------------------------
debug: 1 9 1 1 3 0 item0=1 item1=1 item2=0 item0=0 item1=0 item2=3
debug: 1 5 1 2 3 1 item0=0 item1=0 item2=3 item0=1 item1=1 item2=0
================================================================================

================================================================================
Alice : book=(count:1 value:0) hat=(count:1 value:4) ball=(count:3 value:2)
Bob   : book=(count:1 value:6) hat=(count:1 value:1) ball=(count:3 value:1)
--------------------------------------------------------------------------------
Alice : i would like the balls and the hat . <eos>
Bob   : i need the balls and book <eos>
Alice : i works <pad> balls and the hat <eos>
Bob   : <selection>
--------------------------------------------------------------------------------
Agreement!
Alice : 10 points
Bob   : 6 points
--------------------------------------------------------------------------------
dialog_len=2.00 sent_len=7.44 agree=100.00% advantage=4.53 time=14.264s comb_rew=12.88 alice_rew=8.71 alice_sel=0.00% alice_unique=14 bob_rew=4.18 bob_sel=0.00% bob_unique=9 full_match=0.91
--------------------------------------------------------------------------------
debug: 1 0 1 4 3 2 item0=0 item1=1 item2=3 item0=1 item1=0 item2=0
debug: 1 6 1 1 3 1 item0=1 item1=0 item2=0 item0=0 item1=1 item2=3
================================================================================

================================================================================
Alice : book=(count:1 value:10) hat=(count:2 value:0) ball=(count:3 value:0)
Bob   : book=(count:1 value:2) hat=(count:2 value:1) ball=(count:3 value:2)
--------------------------------------------------------------------------------
Alice : i would like the book and the hat . <eos>
Bob   : i need the balls and the book <eos>
Alice : i need works hats and book <eos>
Bob   : <selection>
--------------------------------------------------------------------------------
Agreement!
Alice : 10 points
Bob   : 6 points
--------------------------------------------------------------------------------
dialog_len=2.00 sent_len=7.53 agree=100.00% advantage=4.50 time=14.185s comb_rew=13.06 alice_rew=8.78 alice_sel=0.00% alice_unique=14 bob_rew=4.28 bob_sel=0.00% bob_unique=9 full_match=0.92
--------------------------------------------------------------------------------
debug: 1 10 2 0 3 0 item0=1 item1=2 item2=0 item0=0 item1=0 item2=3
debug: 1 2 2 1 3 2 item0=0 item1=0 item2=3 item0=1 item1=2 item2=0
================================================================================

================================================================================
Alice : book=(count:1 value:3) hat=(count:1 value:1) ball=(count:3 value:2)
Bob   : book=(count:1 value:7) hat=(count:1 value:3) ball=(count:3 value:0)
--------------------------------------------------------------------------------
Alice : i would like the balls and book <eos>
Bob   : i need the hat and book <eos>
Alice : i works able balls and book <eos>
Bob   : <selection>
--------------------------------------------------------------------------------
Agreement!
Alice : 9 points
Bob   : 3 points
--------------------------------------------------------------------------------
dialog_len=2.00 sent_len=7.53 agree=100.00% advantage=4.58 time=14.726s comb_rew=13.00 alice_rew=8.79 alice_sel=0.00% alice_unique=15 bob_rew=4.21 bob_sel=0.00% bob_unique=10 full_match=0.92
--------------------------------------------------------------------------------
debug: 1 3 1 1 3 2 item0=1 item1=0 item2=3 item0=0 item1=1 item2=0
debug: 1 7 1 3 3 0 item0=0 item1=1 item2=0 item0=1 item1=0 item2=3
================================================================================

================================================================================
Alice : book=(count:1 value:2) hat=(count:2 value:2) ball=(count:2 value:2)
Bob   : book=(count:1 value:4) hat=(count:2 value:2) ball=(count:2 value:1)
--------------------------------------------------------------------------------
Alice : i'll take two hats and a ball <eos>
Bob   : deal <eos>
Alice : <selection>
Bob   : <selection>
--------------------------------------------------------------------------------
Agreement!
Alice : 6 points
Bob   : 5 points
--------------------------------------------------------------------------------
dialog_len=2.00 sent_len=7.40 agree=100.00% advantage=4.40 time=13.990s comb_rew=12.90 alice_rew=8.65 alice_sel=0.00% alice_unique=16 bob_rew=4.25 bob_sel=0.00% bob_unique=10 full_match=0.90
--------------------------------------------------------------------------------
debug: 1 2 2 2 2 2 item0=0 item1=2 item2=1 item0=1 item1=0 item2=1
debug: 1 4 2 2 2 1 item0=1 item1=0 item2=1 item0=0 item1=2 item2=1
================================================================================

================================================================================
Alice : book=(count:1 value:0) hat=(count:2 value:5) ball=(count:4 value:0)
Bob   : book=(count:1 value:2) hat=(count:2 value:2) ball=(count:4 value:1)
--------------------------------------------------------------------------------
Alice : i would like the hats and the book <eos>
Bob   : i need the balls and the book <eos>
Alice : i works the hats and book <eos>
Bob   : <selection>
--------------------------------------------------------------------------------
Agreement!
Alice : 10 points
Bob   : 6 points
--------------------------------------------------------------------------------
dialog_len=2.00 sent_len=7.45 agree=100.00% advantage=4.38 time=13.950s comb_rew=13.05 alice_rew=8.71 alice_sel=0.00% alice_unique=17 bob_rew=4.33 bob_sel=0.00% bob_unique=10 full_match=0.90
--------------------------------------------------------------------------------
debug: 1 0 2 5 4 0 item0=0 item1=2 item2=0 item0=1 item1=0 item2=4
debug: 1 2 2 2 4 1 item0=1 item1=0 item2=4 item0=0 item1=2 item2=0
================================================================================

================================================================================
Alice : book=(count:1 value:4) hat=(count:3 value:0) ball=(count:2 value:3)
Bob   : book=(count:1 value:4) hat=(count:3 value:2) ball=(count:2 value:0)
--------------------------------------------------------------------------------
Alice : i would like the balls and book <eos>
Bob   : i need the hats and book <eos>
Alice : i works 2 balls and book <eos>
Bob   : <selection>
--------------------------------------------------------------------------------
Agreement!
Alice : 10 points
Bob   : 6 points
--------------------------------------------------------------------------------
dialog_len=2.00 sent_len=7.45 agree=100.00% advantage=4.36 time=14.454s comb_rew=13.18 alice_rew=8.77 alice_sel=0.00% alice_unique=17 bob_rew=4.41 bob_sel=0.00% bob_unique=11 full_match=0.91
--------------------------------------------------------------------------------
debug: 1 4 3 0 2 3 item0=1 item1=0 item2=2 item0=0 item1=3 item2=0
debug: 1 4 3 2 2 0 item0=0 item1=3 item2=0 item0=1 item1=0 item2=2
================================================================================

================================================================================
Alice : book=(count:2 value:1) hat=(count:1 value:2) ball=(count:2 value:3)
Bob   : book=(count:2 value:2) hat=(count:1 value:0) ball=(count:2 value:3)
--------------------------------------------------------------------------------
Alice : i would like the balls and the hat <eos>
Bob   : i need the balls and books <eos>
Alice : i perfect the balls and lets hat <eos>
Bob   : <selection>
--------------------------------------------------------------------------------
Agreement!
Alice : 4 points
Bob   : 6 points
--------------------------------------------------------------------------------
dialog_len=2.00 sent_len=7.48 agree=100.00% advantage=4.09 time=15.110s comb_rew=13.04 alice_rew=8.57 alice_sel=0.00% alice_unique=17 bob_rew=4.48 bob_sel=0.00% bob_unique=12 full_match=0.87
--------------------------------------------------------------------------------
debug: 2 1 1 2 2 3 item0=2 item1=1 item2=0 item0=0 item1=0 item2=2
debug: 2 2 1 0 2 3 item0=0 item1=0 item2=2 item0=2 item1=1 item2=0
================================================================================

================================================================================
Alice : book=(count:3 value:0) hat=(count:1 value:2) ball=(count:1 value:8)
Bob   : book=(count:3 value:2) hat=(count:1 value:0) ball=(count:1 value:4)
--------------------------------------------------------------------------------
Alice : i would like the ball and the hat . <eos>
Bob   : i need the ball and books <eos>
Alice : i deal the ball and fine hat <eos>
Bob   : <selection>
--------------------------------------------------------------------------------
Agreement!
Alice : 10 points
Bob   : 6 points
--------------------------------------------------------------------------------
dialog_len=2.00 sent_len=7.52 agree=100.00% advantage=4.08 time=15.714s comb_rew=13.17 alice_rew=8.62 alice_sel=0.00% alice_unique=18 bob_rew=4.54 bob_sel=0.00% bob_unique=13 full_match=0.88
--------------------------------------------------------------------------------
debug: 3 0 1 2 1 8 item0=0 item1=1 item2=1 item0=3 item1=0 item2=0
debug: 3 2 1 0 1 4 item0=3 item1=0 item2=0 item0=0 item1=1 item2=1
================================================================================

================================================================================
Alice : book=(count:2 value:0) hat=(count:2 value:1) ball=(count:1 value:8)
Bob   : book=(count:2 value:2) hat=(count:2 value:2) ball=(count:1 value:2)
--------------------------------------------------------------------------------
Alice : i would like the ball and the hat . <eos>
Bob   : i need the hats and books <eos>
Alice : i works two ball and the hat <eos>
Bob   : <selection>
--------------------------------------------------------------------------------
Agreement!
Alice : 2 points
Bob   : 2 points
--------------------------------------------------------------------------------
dialog_len=2.00 sent_len=7.56 agree=100.00% advantage=3.92 time=16.287s comb_rew=12.80 alice_rew=8.36 alice_sel=0.00% alice_unique=18 bob_rew=4.44 bob_sel=0.00% bob_unique=14 full_match=0.88
--------------------------------------------------------------------------------
debug: 2 0 2 1 1 8 item0=2 item1=2 item2=0 item0=0 item1=0 item2=1
debug: 2 2 2 2 1 2 item0=0 item1=0 item2=1 item0=2 item1=2 item2=0
================================================================================

================================================================================
Alice : book=(count:2 value:1) hat=(count:2 value:4) ball=(count:1 value:0)
Bob   : book=(count:2 value:1) hat=(count:2 value:0) ball=(count:1 value:8)
--------------------------------------------------------------------------------
Alice : i would like the hats and the ball . <eos>
Bob   : i need the ball and the hat <eos>
Alice : i sounds the hats and the basketball <eos>
Bob   : <selection>
--------------------------------------------------------------------------------
Agreement!
Alice : 10 points
Bob   : 0 points
--------------------------------------------------------------------------------
dialog_len=2.00 sent_len=7.62 agree=100.00% advantage=4.15 time=16.820s comb_rew=12.69 alice_rew=8.42 alice_sel=0.00% alice_unique=19 bob_rew=4.27 bob_sel=0.00% bob_unique=14 full_match=0.88
--------------------------------------------------------------------------------
debug: 2 1 2 4 1 0 item0=2 item1=2 item2=1 item0=0 item1=0 item2=0
debug: 2 1 2 0 1 8 item0=0 item1=0 item2=0 item0=2 item1=2 item2=1
================================================================================

================================================================================
Alice : book=(count:2 value:0) hat=(count:3 value:3) ball=(count:1 value:1)
Bob   : book=(count:2 value:2) hat=(count:3 value:2) ball=(count:1 value:0)
--------------------------------------------------------------------------------
Alice : i would like the hats and the ball <eos>
Bob   : i need the hats and books <eos>
Alice : i need the hats but okay books <eos>
Bob   : <selection>
--------------------------------------------------------------------------------
Agreement!
Alice : 0 points
Bob   : 6 points
--------------------------------------------------------------------------------
dialog_len=2.00 sent_len=7.63 agree=100.00% advantage=3.78 time=17.338s comb_rew=12.44 alice_rew=8.11 alice_sel=0.00% alice_unique=20 bob_rew=4.33 bob_sel=0.00% bob_unique=14 full_match=0.87
--------------------------------------------------------------------------------
debug: 2 0 3 3 1 1 item0=2 item1=0 item2=0 item0=0 item1=3 item2=1
debug: 2 2 3 2 1 0 item0=0 item1=3 item2=1 item0=2 item1=0 item2=0
================================================================================

================================================================================
Alice : book=(count:2 value:2) hat=(count:3 value:2) ball=(count:1 value:0)
Bob   : book=(count:2 value:0) hat=(count:3 value:2) ball=(count:1 value:4)
--------------------------------------------------------------------------------
Alice : i would like the hats and the ball . <eos>
Bob   : i need the ball and the hat <eos>
Alice : i sounds the hats and books <eos>
Bob   : <selection>
--------------------------------------------------------------------------------
Agreement!
Alice : 4 points
Bob   : 10 points
--------------------------------------------------------------------------------
dialog_len=2.00 sent_len=7.68 agree=100.00% advantage=3.43 time=17.187s comb_rew=12.50 alice_rew=7.96 alice_sel=0.00% alice_unique=20 bob_rew=4.54 bob_sel=0.00% bob_unique=14 full_match=0.88
--------------------------------------------------------------------------------
debug: 2 2 3 2 1 0 item0=2 item1=0 item2=0 item0=0 item1=3 item2=1
debug: 2 0 3 2 1 4 item0=0 item1=3 item2=1 item0=2 item1=0 item2=0
================================================================================

================================================================================
Alice : book=(count:1 value:0) hat=(count:1 value:7) ball=(count:3 value:1)
Bob   : book=(count:1 value:7) hat=(count:1 value:0) ball=(count:3 value:1)
--------------------------------------------------------------------------------
Alice : i would like the hat and the balls <eos>
Bob   : i need the balls and book <eos>
Alice : i sounds the be and book <eos>
Bob   : <selection>
--------------------------------------------------------------------------------
Agreement!
Alice : 10 points
Bob   : 7 points
--------------------------------------------------------------------------------
dialog_len=2.00 sent_len=7.69 agree=100.00% advantage=3.41 time=17.445s comb_rew=12.66 alice_rew=8.03 alice_sel=0.00% alice_unique=21 bob_rew=4.62 bob_sel=0.00% bob_unique=14 full_match=0.88
--------------------------------------------------------------------------------
debug: 1 0 1 7 3 1 item0=0 item1=1 item2=3 item0=1 item1=0 item2=0
debug: 1 7 1 0 3 1 item0=1 item1=0 item2=0 item0=0 item1=1 item2=3
================================================================================

================================================================================
Alice : book=(count:1 value:4) hat=(count:2 value:0) ball=(count:2 value:3)
Bob   : book=(count:1 value:6) hat=(count:2 value:2) ball=(count:2 value:0)
--------------------------------------------------------------------------------
Alice : i would like the balls and book <eos>
Bob   : i need the hats and book <eos>
Alice : i works 2 balls and book <eos>
Bob   : <selection>
--------------------------------------------------------------------------------
Agreement!
Alice : 10 points
Bob   : 4 points
--------------------------------------------------------------------------------
dialog_len=2.00 sent_len=7.68 agree=100.00% advantage=3.50 time=17.675s comb_rew=12.70 alice_rew=8.10 alice_sel=0.00% alice_unique=21 bob_rew=4.60 bob_sel=0.00% bob_unique=14 full_match=0.88
--------------------------------------------------------------------------------
debug: 1 4 2 0 2 3 item0=1 item1=0 item2=2 item0=0 item1=2 item2=0
debug: 1 6 2 2 2 0 item0=0 item1=2 item2=0 item0=1 item1=0 item2=2
================================================================================

================================================================================
Alice : book=(count:2 value:1) hat=(count:2 value:1) ball=(count:1 value:6)
Bob   : book=(count:2 value:1) hat=(count:2 value:1) ball=(count:1 value:6)
--------------------------------------------------------------------------------
Alice : i would like the ball and the hat . <eos>
Bob   : i need the ball and the hat <eos>
Alice : i fair the ball and anything hat <eos>
Bob   : <selection>
--------------------------------------------------------------------------------
Agreement!
Alice : 10 points
Bob   : 0 points
--------------------------------------------------------------------------------
dialog_len=2.00 sent_len=7.73 agree=100.00% advantage=3.71 time=18.083s comb_rew=12.61 alice_rew=8.16 alice_sel=0.00% alice_unique=21 bob_rew=4.45 bob_sel=0.00% bob_unique=14 full_match=0.89
--------------------------------------------------------------------------------
debug: 2 1 2 1 1 6 item0=2 item1=2 item2=1 item0=0 item1=0 item2=0
debug: 2 1 2 1 1 6 item0=0 item1=0 item2=0 item0=2 item1=2 item2=1
================================================================================

================================================================================
Alice : book=(count:3 value:0) hat=(count:1 value:2) ball=(count:2 value:4)
Bob   : book=(count:3 value:2) hat=(count:1 value:0) ball=(count:2 value:2)
--------------------------------------------------------------------------------
Alice : i'd like the balls and 1 hat <eos>
Bob   : done <eos>
Alice : <selection>
Bob   : <selection>
--------------------------------------------------------------------------------
Agreement!
Alice : 10 points
Bob   : 6 points
--------------------------------------------------------------------------------
dialog_len=2.00 sent_len=7.64 agree=100.00% advantage=3.72 time=17.519s comb_rew=12.72 alice_rew=8.22 alice_sel=0.00% alice_unique=22 bob_rew=4.50 bob_sel=0.00% bob_unique=15 full_match=0.88
--------------------------------------------------------------------------------
debug: 3 0 1 2 2 4 item0=0 item1=1 item2=2 item0=3 item1=0 item2=0
debug: 3 2 1 0 2 2 item0=3 item1=0 item2=0 item0=0 item1=1 item2=2
================================================================================

================================================================================
Alice : book=(count:3 value:1) hat=(count:1 value:1) ball=(count:1 value:6)
Bob   : book=(count:3 value:2) hat=(count:1 value:3) ball=(count:1 value:1)
--------------------------------------------------------------------------------
Alice : i would like the ball and the hat . <eos>
Bob   : i need the hat and books <eos>
Alice : i split the ball and fine book <eos>
Bob   : <selection>
--------------------------------------------------------------------------------
Agreement!
Alice : 9 points
Bob   : 2 points
--------------------------------------------------------------------------------
dialog_len=2.00 sent_len=7.67 agree=100.00% advantage=3.82 time=18.787s comb_rew=12.67 alice_rew=8.24 alice_sel=0.00% alice_unique=22 bob_rew=4.42 bob_sel=0.00% bob_unique=15 full_match=0.88
--------------------------------------------------------------------------------
debug: 3 1 1 1 1 6 item0=2 item1=1 item2=1 item0=1 item1=0 item2=0
debug: 3 2 1 3 1 1 item0=1 item1=0 item2=0 item0=2 item1=1 item2=1
================================================================================

================================================================================
Alice : book=(count:2 value:3) hat=(count:1 value:2) ball=(count:2 value:1)
Bob   : book=(count:2 value:2) hat=(count:1 value:4) ball=(count:2 value:1)
--------------------------------------------------------------------------------
Alice : i would like the hat and books <eos>
Bob   : i need the hat and books <eos>
Alice : i love the balls fine books <eos>
Bob   : <selection>
--------------------------------------------------------------------------------
Agreement!
Alice : 8 points
Bob   : 4 points
--------------------------------------------------------------------------------
dialog_len=2.00 sent_len=7.66 agree=100.00% advantage=3.82 time=18.948s comb_rew=12.65 alice_rew=8.24 alice_sel=0.00% alice_unique=23 bob_rew=4.41 bob_sel=0.00% bob_unique=15 full_match=0.88
--------------------------------------------------------------------------------
debug: 2 3 1 2 2 1 item0=2 item1=0 item2=2 item0=0 item1=1 item2=0
debug: 2 2 1 4 2 1 item0=0 item1=1 item2=0 item0=2 item1=0 item2=2
================================================================================

================================================================================
Alice : book=(count:1 value:2) hat=(count:2 value:4) ball=(count:4 value:0)
Bob   : book=(count:1 value:2) hat=(count:2 value:0) ball=(count:4 value:2)
--------------------------------------------------------------------------------
Alice : i would like the hats and book <eos>
Bob   : i need the balls and the book <eos>
Alice : i there works ball , book <eos>
Bob   : <selection>
--------------------------------------------------------------------------------
Agreement!
Alice : 10 points
Bob   : 6 points
--------------------------------------------------------------------------------
dialog_len=2.00 sent_len=7.67 agree=100.00% advantage=3.83 time=19.877s comb_rew=12.74 alice_rew=8.29 alice_sel=0.00% alice_unique=24 bob_rew=4.46 bob_sel=0.00% bob_unique=15 full_match=0.89
--------------------------------------------------------------------------------
debug: 1 2 2 4 4 0 item0=1 item1=2 item2=1 item0=0 item1=0 item2=3
debug: 1 2 2 0 4 2 item0=0 item1=0 item2=3 item0=1 item1=2 item2=1
================================================================================

================================================================================
Alice : book=(count:3 value:1) hat=(count:1 value:2) ball=(count:1 value:5)
Bob   : book=(count:3 value:1) hat=(count:1 value:5) ball=(count:1 value:2)
--------------------------------------------------------------------------------
Alice : i would like the ball and the hat . <eos>
Bob   : i need the hat and books <eos>
Alice : i okay the ball and fine hat <eos>
Bob   : <selection>
--------------------------------------------------------------------------------
Agreement!
Alice : 7 points
Bob   : 3 points
--------------------------------------------------------------------------------
dialog_len=2.00 sent_len=7.69 agree=100.00% advantage=3.83 time=20.155s comb_rew=12.67 alice_rew=8.25 alice_sel=0.00% alice_unique=24 bob_rew=4.42 bob_sel=0.00% bob_unique=15 full_match=0.89
--------------------------------------------------------------------------------
debug: 3 1 1 2 1 5 item0=0 item1=1 item2=1 item0=3 item1=0 item2=0
debug: 3 1 1 5 1 2 item0=3 item1=0 item2=0 item0=0 item1=1 item2=1
================================================================================

================================================================================
Alice : book=(count:1 value:5) hat=(count:1 value:2) ball=(count:3 value:1)
Bob   : book=(count:1 value:1) hat=(count:1 value:6) ball=(count:3 value:1)
--------------------------------------------------------------------------------
Alice : i would like the hat and book <eos>
Bob   : i need the hat and book <eos>
Alice : i works the balls hat book <eos>
Bob   : <selection>
--------------------------------------------------------------------------------
Agreement!
Alice : 5 points
Bob   : 1 points
--------------------------------------------------------------------------------
dialog_len=2.00 sent_len=7.69 agree=100.00% advantage=3.84 time=20.270s comb_rew=12.49 alice_rew=8.16 alice_sel=0.00% alice_unique=25 bob_rew=4.32 bob_sel=0.00% bob_unique=15 full_match=0.89
--------------------------------------------------------------------------------
debug: 1 5 1 2 3 1 item0=0 item1=1 item2=3 item0=1 item1=0 item2=0
debug: 1 1 1 6 3 1 item0=1 item1=0 item2=0 item0=0 item1=1 item2=3
================================================================================

================================================================================
Alice : book=(count:1 value:2) hat=(count:4 value:1) ball=(count:1 value:4)
Bob   : book=(count:1 value:1) hat=(count:4 value:0) ball=(count:1 value:9)
--------------------------------------------------------------------------------
Alice : i would like the ball and the hat <eos>
Bob   : i need the ball and the book <eos>
Alice : i works down hats and book <eos>
Bob   : <selection>
--------------------------------------------------------------------------------
Agreement!
Alice : 4 points
Bob   : 10 points
--------------------------------------------------------------------------------
dialog_len=2.00 sent_len=7.71 agree=100.00% advantage=3.58 time=20.397s comb_rew=12.53 alice_rew=8.05 alice_sel=0.00% alice_unique=26 bob_rew=4.47 bob_sel=0.00% bob_unique=16 full_match=0.89
--------------------------------------------------------------------------------
debug: 1 2 4 1 1 4 item0=0 item1=4 item2=0 item0=1 item1=0 item2=1
debug: 1 1 4 0 1 9 item0=1 item1=0 item2=1 item0=0 item1=4 item2=0
================================================================================

================================================================================
Alice : book=(count:1 value:1) hat=(count:3 value:1) ball=(count:1 value:6)
Bob   : book=(count:1 value:1) hat=(count:3 value:3) ball=(count:1 value:0)
--------------------------------------------------------------------------------
Alice : i would like the ball and the hat <eos>
Bob   : i need the hats and book <eos>
Alice : i ! lets ball and most book <eos>
Bob   : <selection>
--------------------------------------------------------------------------------
Agreement!
Alice : 7 points
Bob   : 9 points
--------------------------------------------------------------------------------
dialog_len=2.00 sent_len=7.72 agree=100.00% advantage=3.44 time=21.341s comb_rew=12.62 alice_rew=8.03 alice_sel=0.00% alice_unique=26 bob_rew=4.59 bob_sel=0.00% bob_unique=16 full_match=0.90
--------------------------------------------------------------------------------
debug: 1 1 3 1 1 6 item0=1 item1=0 item2=1 item0=0 item1=3 item2=0
debug: 1 1 3 3 1 0 item0=0 item1=3 item2=0 item0=1 item1=0 item2=1
================================================================================

================================================================================
Alice : book=(count:1 value:0) hat=(count:1 value:2) ball=(count:4 value:2)
Bob   : book=(count:1 value:3) hat=(count:1 value:3) ball=(count:4 value:1)
--------------------------------------------------------------------------------
Alice : i would like the balls and the hat <eos>
Bob   : i need the balls and the hat <eos>
Alice : i works at balls and the book <eos>
Bob   : <selection>
--------------------------------------------------------------------------------
Agreement!
Alice : 10 points
Bob   : 3 points
--------------------------------------------------------------------------------
dialog_len=2.00 sent_len=7.74 agree=100.00% advantage=3.52 time=21.537s comb_rew=12.62 alice_rew=8.07 alice_sel=0.00% alice_unique=26 bob_rew=4.55 bob_sel=0.00% bob_unique=16 full_match=0.89
--------------------------------------------------------------------------------
debug: 1 0 1 2 4 2 item0=0 item1=1 item2=4 item0=1 item1=0 item2=0
debug: 1 3 1 3 4 1 item0=1 item1=0 item2=0 item0=0 item1=1 item2=4
================================================================================

================================================================================
Alice : book=(count:1 value:4) hat=(count:2 value:1) ball=(count:2 value:2)
Bob   : book=(count:1 value:8) hat=(count:2 value:0) ball=(count:2 value:1)
--------------------------------------------------------------------------------
Alice : i would like the balls and book <eos>
Bob   : i need the hats and book <eos>
Alice : i there's works would and book <eos>
Bob   : <selection>
--------------------------------------------------------------------------------
Agreement!
Alice : 6 points
Bob   : 8 points
--------------------------------------------------------------------------------
dialog_len=2.00 sent_len=7.73 agree=100.00% advantage=3.39 time=21.887s comb_rew=12.66 alice_rew=8.02 alice_sel=0.00% alice_unique=26 bob_rew=4.63 bob_sel=0.00% bob_unique=16 full_match=0.89
--------------------------------------------------------------------------------
debug: 1 4 2 1 2 2 item0=0 item1=2 item2=2 item0=1 item1=0 item2=0
debug: 1 8 2 0 2 1 item0=1 item1=0 item2=0 item0=0 item1=2 item2=2
================================================================================

================================================================================
Alice : book=(count:1 value:2) hat=(count:2 value:0) ball=(count:4 value:2)
Bob   : book=(count:1 value:0) hat=(count:2 value:1) ball=(count:4 value:2)
--------------------------------------------------------------------------------
Alice : i would like the balls and the book <eos>
Bob   : i need the balls and the book <eos>
Alice : i works the balls and the book <eos>
Bob   : <selection>
--------------------------------------------------------------------------------
Agreement!
Alice : 10 points
Bob   : 2 points
--------------------------------------------------------------------------------
dialog_len=2.00 sent_len=7.75 agree=100.00% advantage=3.50 time=21.744s comb_rew=12.64 alice_rew=8.07 alice_sel=0.00% alice_unique=27 bob_rew=4.57 bob_sel=0.00% bob_unique=16 full_match=0.88
--------------------------------------------------------------------------------
debug: 1 2 2 0 4 2 item0=1 item1=0 item2=4 item0=0 item1=2 item2=0
debug: 1 0 2 1 4 2 item0=0 item1=2 item2=0 item0=1 item1=0 item2=4
================================================================================

================================================================================
Alice : book=(count:1 value:10) hat=(count:1 value:0) ball=(count:4 value:0)
Bob   : book=(count:1 value:1) hat=(count:1 value:1) ball=(count:4 value:2)
--------------------------------------------------------------------------------
Alice : i'll take the book , you can have everything else <eos>
Bob   : ok <eos>
Alice : <selection>
Bob   : <selection>
--------------------------------------------------------------------------------
Agreement!
Alice : 10 points
Bob   : 9 points
--------------------------------------------------------------------------------
dialog_len=2.00 sent_len=7.72 agree=100.00% advantage=3.44 time=21.239s comb_rew=12.79 alice_rew=8.12 alice_sel=0.00% alice_unique=28 bob_rew=4.67 bob_sel=0.00% bob_unique=17 full_match=0.87
--------------------------------------------------------------------------------
debug: 1 10 1 0 4 0 item0=1 item1=0 item2=0 item0=0 item1=1 item2=4
debug: 1 1 1 1 4 2 item0=0 item1=1 item2=4 item0=1 item1=0 item2=0
================================================================================

================================================================================
Alice : book=(count:2 value:3) hat=(count:3 value:0) ball=(count:1 value:4)
Bob   : book=(count:2 value:3) hat=(count:3 value:1) ball=(count:1 value:1)
--------------------------------------------------------------------------------
Alice : i would like the ball and the books . <eos>
Bob   : i need the hats and books <eos>
Alice : i sounds the ball and books <eos>
Bob   : <selection>
--------------------------------------------------------------------------------
Agreement!
Alice : 10 points
Bob   : 3 points
--------------------------------------------------------------------------------
dialog_len=2.00 sent_len=7.74 agree=100.00% advantage=3.52 time=21.037s comb_rew=12.80 alice_rew=8.16 alice_sel=0.00% alice_unique=29 bob_rew=4.64 bob_sel=0.00% bob_unique=17 full_match=0.88
--------------------------------------------------------------------------------
debug: 2 3 3 0 1 4 item0=2 item1=0 item2=1 item0=0 item1=3 item2=0
debug: 2 3 3 1 1 1 item0=0 item1=3 item2=0 item0=2 item1=0 item2=1
================================================================================

================================================================================
Alice : book=(count:2 value:4) hat=(count:2 value:1) ball=(count:2 value:0)
Bob   : book=(count:2 value:0) hat=(count:2 value:4) ball=(count:2 value:1)
--------------------------------------------------------------------------------
Alice : i would like the balls and the hat . <eos>
Bob   : i need the hats and the balls <eos>
Alice : i need the hats fine books <eos>
Bob   : <selection>
--------------------------------------------------------------------------------
Agreement!
Alice : 10 points
Bob   : 2 points
--------------------------------------------------------------------------------
dialog_len=2.00 sent_len=7.77 agree=100.00% advantage=3.62 time=20.849s comb_rew=12.78 alice_rew=8.20 alice_sel=0.00% alice_unique=29 bob_rew=4.58 bob_sel=0.00% bob_unique=18 full_match=0.88
--------------------------------------------------------------------------------
debug: 2 4 2 1 2 0 item0=2 item1=2 item2=0 item0=0 item1=0 item2=2
debug: 2 0 2 4 2 1 item0=0 item1=0 item2=2 item0=2 item1=2 item2=0
================================================================================

================================================================================
Alice : book=(count:2 value:2) hat=(count:2 value:0) ball=(count:2 value:3)
Bob   : book=(count:2 value:3) hat=(count:2 value:2) ball=(count:2 value:0)
--------------------------------------------------------------------------------
Alice : i would like the balls and the hat <eos>
Bob   : i need the hats and books <eos>
Alice : i agree the i'll and books <eos>
Bob   : <selection>
--------------------------------------------------------------------------------
Agreement!
Alice : 10 points
Bob   : 4 points
--------------------------------------------------------------------------------
dialog_len=2.00 sent_len=7.77 agree=100.00% advantage=3.67 time=20.935s comb_rew=12.80 alice_rew=8.24 alice_sel=0.00% alice_unique=29 bob_rew=4.57 bob_sel=0.00% bob_unique=18 full_match=0.87
--------------------------------------------------------------------------------
debug: 2 2 2 0 2 3 item0=2 item1=0 item2=2 item0=0 item1=2 item2=0
debug: 2 3 2 2 2 0 item0=0 item1=2 item2=0 item0=2 item1=0 item2=2
================================================================================

================================================================================
Alice : book=(count:1 value:5) hat=(count:3 value:1) ball=(count:1 value:2)
Bob   : book=(count:1 value:7) hat=(count:3 value:1) ball=(count:1 value:0)
--------------------------------------------------------------------------------
Alice : i would like the hats and book <eos>
Bob   : i need the hats and book <eos>
Alice : i works button ball and book <eos>
Bob   : <selection>
--------------------------------------------------------------------------------
Agreement!
Alice : 5 points
Bob   : 7 points
--------------------------------------------------------------------------------
dialog_len=2.00 sent_len=7.77 agree=100.00% advantage=3.55 time=20.993s comb_rew=12.79 alice_rew=8.17 alice_sel=0.00% alice_unique=29 bob_rew=4.62 bob_sel=0.00% bob_unique=18 full_match=0.87
--------------------------------------------------------------------------------
debug: 1 5 3 1 1 2 item0=0 item1=3 item2=1 item0=1 item1=0 item2=0
debug: 1 7 3 1 1 0 item0=1 item1=0 item2=0 item0=0 item1=3 item2=1
================================================================================

================================================================================
Alice : book=(count:1 value:1) hat=(count:3 value:3) ball=(count:3 value:0)
Bob   : book=(count:1 value:4) hat=(count:3 value:0) ball=(count:3 value:2)
--------------------------------------------------------------------------------
Alice : i would like the hats and book <eos>
Bob   : i need the balls and book <eos>
Alice : i i works hats and book <eos>
Bob   : <selection>
--------------------------------------------------------------------------------
Agreement!
Alice : 10 points
Bob   : 6 points
--------------------------------------------------------------------------------
dialog_len=2.00 sent_len=7.76 agree=100.00% advantage=3.56 time=21.083s comb_rew=12.85 alice_rew=8.21 alice_sel=0.00% alice_unique=29 bob_rew=4.65 bob_sel=0.00% bob_unique=18 full_match=0.88
--------------------------------------------------------------------------------
debug: 1 1 3 3 3 0 item0=1 item1=3 item2=0 item0=0 item1=0 item2=3
debug: 1 4 3 0 3 2 item0=0 item1=0 item2=3 item0=1 item1=3 item2=0
================================================================================

================================================================================
Alice : book=(count:1 value:9) hat=(count:1 value:1) ball=(count:4 value:0)
Bob   : book=(count:1 value:5) hat=(count:1 value:1) ball=(count:4 value:1)
--------------------------------------------------------------------------------
Alice : i would like the book and hat <eos>
Bob   : i need the balls and book <eos>
Alice : i agree button hat and book <eos>
Bob   : <selection>
--------------------------------------------------------------------------------
Agreement!
Alice : 10 points
Bob   : 4 points
--------------------------------------------------------------------------------
dialog_len=2.00 sent_len=7.76 agree=100.00% advantage=3.61 time=21.143s comb_rew=12.88 alice_rew=8.24 alice_sel=0.00% alice_unique=29 bob_rew=4.63 bob_sel=0.00% bob_unique=18 full_match=0.88
--------------------------------------------------------------------------------
debug: 1 9 1 1 4 0 item0=1 item1=1 item2=0 item0=0 item1=0 item2=4
debug: 1 5 1 1 4 1 item0=0 item1=0 item2=4 item0=1 item1=1 item2=0
================================================================================

================================================================================
Alice : book=(count:4 value:1) hat=(count:1 value:2) ball=(count:1 value:4)
Bob   : book=(count:4 value:1) hat=(count:1 value:5) ball=(count:1 value:1)
--------------------------------------------------------------------------------
Alice : hi , i would like the ball and the hat and you can have the books <eos>
Bob   : no deal . <eos>
Alice : <selection>
Bob   : <selection>
--------------------------------------------------------------------------------
Disagreement?!
Alice : 0 points
Bob   : 0 points
--------------------------------------------------------------------------------
dialog_len=2.00 sent_len=7.81 agree=100.00% advantage=3.54 time=20.721s comb_rew=12.62 alice_rew=8.08 alice_sel=0.00% alice_unique=30 bob_rew=4.54 bob_sel=0.00% bob_unique=19 full_match=0.87
--------------------------------------------------------------------------------
debug: 4 1 1 2 1 4 <no_agreement> <no_agreement> <no_agreement> <no_agreement> <no_agreement> <no_agreement>
debug: 4 1 1 5 1 1 <no_agreement> <no_agreement> <no_agreement> <no_agreement> <no_agreement> <no_agreement>
================================================================================

================================================================================
Alice : book=(count:4 value:0) hat=(count:1 value:2) ball=(count:1 value:8)
Bob   : book=(count:4 value:1) hat=(count:1 value:2) ball=(count:1 value:4)
--------------------------------------------------------------------------------
Alice : i would love the ball <eos>
Bob   : ok <eos>
Alice : <selection>
Bob   : <selection>
--------------------------------------------------------------------------------
Agreement!
Alice : 8 points
Bob   : 6 points
--------------------------------------------------------------------------------
dialog_len=2.00 sent_len=7.74 agree=100.00% advantage=3.51 time=20.315s comb_rew=12.65 alice_rew=8.08 alice_sel=0.00% alice_unique=31 bob_rew=4.57 bob_sel=0.00% bob_unique=19 full_match=0.87
--------------------------------------------------------------------------------
debug: 4 0 1 2 1 8 item0=0 item1=0 item2=1 item0=4 item1=1 item2=0
debug: 4 1 1 2 1 4 item0=4 item1=1 item2=0 item0=0 item1=0 item2=1
================================================================================

================================================================================
Alice : book=(count:3 value:0) hat=(count:1 value:8) ball=(count:1 value:2)
Bob   : book=(count:3 value:1) hat=(count:1 value:4) ball=(count:1 value:3)
--------------------------------------------------------------------------------
Alice : i would like the hat and the ball . <eos>
Bob   : i need the ball and the hat <eos>
Alice : i agree the hat and the ball <eos>
Bob   : <selection>
--------------------------------------------------------------------------------
Agreement!
Alice : 2 points
Bob   : 7 points
--------------------------------------------------------------------------------
dialog_len=2.00 sent_len=7.76 agree=100.00% advantage=3.35 time=20.201s comb_rew=12.58 alice_rew=7.96 alice_sel=0.00% alice_unique=31 bob_rew=4.62 bob_sel=0.00% bob_unique=19 full_match=0.88
--------------------------------------------------------------------------------
debug: 3 0 1 8 1 2 item0=0 item1=0 item2=1 item0=3 item1=1 item2=0
debug: 3 1 1 4 1 3 item0=3 item1=1 item2=0 item0=0 item1=0 item2=1
================================================================================

================================================================================
Alice : book=(count:1 value:0) hat=(count:4 value:0) ball=(count:1 value:10)
Bob   : book=(count:1 value:5) hat=(count:4 value:1) ball=(count:1 value:1)
--------------------------------------------------------------------------------
Alice : i would like the ball and the hat <eos>
Bob   : i need the hats and book <eos>
Alice : i ! / ball and the book <eos>
Bob   : <selection>
--------------------------------------------------------------------------------
Agreement!
Alice : 10 points
Bob   : 4 points
--------------------------------------------------------------------------------
dialog_len=2.00 sent_len=7.76 agree=100.00% advantage=3.40 time=20.379s comb_rew=12.60 alice_rew=8.00 alice_sel=0.00% alice_unique=31 bob_rew=4.60 bob_sel=0.00% bob_unique=19 full_match=0.88
--------------------------------------------------------------------------------
debug: 1 0 4 0 1 10 item0=1 item1=0 item2=1 item0=0 item1=4 item2=0
debug: 1 5 4 1 1 1 item0=0 item1=4 item2=0 item0=1 item1=0 item2=1
================================================================================

================================================================================
Alice : book=(count:1 value:1) hat=(count:1 value:5) ball=(count:4 value:1)
Bob   : book=(count:1 value:1) hat=(count:1 value:1) ball=(count:4 value:2)
--------------------------------------------------------------------------------
Alice : hey there ! i'd like the hat and the book , you can have the balls <eos>
Bob   : <selection>
